1695411169874:authors
1695418119326:g
1695418123372:exit
1695841363622:ab
1695842018136:all-books
1695842043318:exit
1695845226899:ab
1695845239209:db 1
1695845244424:ab
1695845254536:exit
1695880336781:i
1695880366878:i 'книга для родителей' 2, 2
1695880424009:i 'Книга для родителей' 2 2
1695881095333:exit
1695881872144:i 'hello' 2 2
1695881965808:i hello 2 2
1695881973709:ab
1695881979837:exit
1695882604736:i hello 2 2
1695882609773:ab
1695882614590:exit
1695882811971:i hello 3 2
1695927808228:exit
1695927945273:i hello 3 2
1695927950509:exit
1695928179520:i hello 3 2
1695928188518:exit
1695964121746:a
1695964133160:g
1695964148977:ab
1695964187661:i Лиса 1 1
1695964190545:ab
1695964214753:db 3
1695964217017:ab
1695964256217:update 1 Судьба 1 1
1695964481533:u 1 hello 1 1
1695964485577:ab
1695964490186:exit
1695966349237:ab
1695966837170:exit
1695966891092:ab
1695966977033:a
1695966980801:g
1695966985898:exit
1695967188420:ab
1695967192681:a
1695967194833:g
1695967199721:exit
1696019332053:b 1
1696019347411:exit
1696089786966:b 1
1696089843893:b 2
1696089850723:exit
1696222485718:b 1
1696222494628:exit
1696222889685:ab
1696222900332:exit
1696222989629:a
1696222991587:g
1696222994683:exit
1696223471292:a
1696223474955:g
1696223517795:exit
1696223926093:b 5
1696223932988:b 2
1696223935763:exit
